0:100  0:100  MemLog inited, TSC freq: 1797113800
0:100  0:000  CPU was calibrated without ACPI PM Timer: ACPI I/O space is not enabled., use RTC
0:100  0:000  
0:100  0:000  Now is 15.1.2018,  17:10:15 (GMT)
0:100  0:000  Starting Clover revision: 4359.RM-4506.22821(7036cf0a.6516413994)  on INSYDE Corp. EFI
0:100  0:000  Build with: [Args: -mc --no-usb -D NO_GRUB_DRIVERS_EMBEDDED -t XCODE8 | -D DISABLE_USB_SUPPORT -D NO_GRUB_DRIVERS_EMBEDDED -D USE_BIOS_BLOCKIO -D USE_LOW_EBDA -a X64 -b RELEASE -t XCODE8 -n 9 | OS: 10.13.2 | XCODE: 8.3.3]
0:100  0:000  SelfDevicePath=PciRoot(0x0)\Pci(0x1D,0x0)\Pci(0x0,0x0)\NVMe(0x1,64-61-B2-71-B8-38-25-00)\HD(1,GPT,27705491-3C2A-4E22-A5AA-709AE2B20DE7,0x28,0x64000) @7AF655D8
0:100  0:000  SelfDirPath = \EFI\BOOT
0:100  0:000  === [ Get Smbios ] ========================================
0:113  0:013  Type 16 Index = 0
0:113  0:000  Total Memory Slots Count = 2
0:113  0:000  Type 17 Index = 0
0:113  0:000  SmbiosTable.Type17->Speed = 2400MHz
0:113  0:000  SmbiosTable.Type17->Size = 4096MB
0:113  0:000  SmbiosTable.Type17->Bank/Device = BANK 0 ChannelA-DIMM0
0:113  0:000  SmbiosTable.Type17->Vendor = Samsung
0:113  0:000  SmbiosTable.Type17->SerialNumber = 00000000
0:113  0:000  SmbiosTable.Type17->PartNumber = M471A5244BB0-CRC    
0:113  0:000  Type 17 Index = 1
0:113  0:000  SmbiosTable.Type17->Speed = 2400MHz
0:113  0:000  SmbiosTable.Type17->Size = 4096MB
0:113  0:000  SmbiosTable.Type17->Bank/Device = BANK 2 ChannelB-DIMM0
0:113  0:000  SmbiosTable.Type17->Vendor = Samsung
0:113  0:000  SmbiosTable.Type17->SerialNumber = 00000000
0:113  0:000  SmbiosTable.Type17->PartNumber = M471A5244BB0-CRC    
0:113  0:000  Boot status=0
0:113  0:000  Running on: 'TM1701' with board 'TM1701'
0:113  0:000  === [ GetCPUProperties ] ==================================
0:113  0:000  CPU Vendor = 756E6547 Model=806EA
0:113  0:000   The CPU supported SSE4.1
0:113  0:000  BrandString = Intel(R) Core(TM) i5-8250U CPU @ 1.60GHz
0:113  0:000   The CPU supported turbo
0:113  0:000  MSR 0x35               40008
0:114  0:000   TSC/CCC Information Leaf:
0:114  0:000    numerator     : 150
0:114  0:000    denominator   : 2
0:114  0:000   Calibrated ARTFrequency: 23961517
0:114  0:000  MSR 0xE2 before patch 1E008007
0:114  0:000  MSR 0xE2 is locked, PM patches will be turned on
0:114  0:000  MSR 0xCE              0004043D_F1011200
0:114  0:000  corrected FLEX_RATIO = 0
0:114  0:000  MSR 0x1B0             00000000
0:114  0:000  FSBFrequency = 84 MHz, DMI FSBFrequency = 100 MHz, Corrected FSBFrequency = 100 MHz
0:114  0:000  MaxDiv/MinDiv: 18.0/4
0:114  0:000  Turbo: 34/34/34/34
0:114  0:000  Features: 0xBFEBFBFF
0:114  0:000  Threads: 8
0:114  0:000  Cores: 4
0:114  0:000  FSB: 100 MHz
0:114  0:000  CPU: 1500 MHz
0:114  0:000  TSC: 1500 MHz
0:114  0:000  PIS: 100 MHz
0:114  0:000  ExternalClock: 25 MHz
0:114  0:000  === [ GetDevices ] ========================================
0:114  0:000  PCI (00|00:00.00) : 8086 5914 class=060000
0:114  0:000  PCI (00|00:02.00) : 8086 5917 class=030000
0:114  0:000   - GFX: Model=Intel UHD Graphics 620 (Intel)
0:114  0:000  PCI (00|00:08.00) : 8086 1911 class=088000
0:114  0:000  PCI (00|00:14.00) : 8086 9D2F class=0C0330
0:114  0:000  PCI (00|00:14.02) : 8086 9D31 class=118000
0:114  0:000  PCI (00|00:15.00) : 8086 9D60 class=118000
0:114  0:000  PCI (00|00:15.01) : 8086 9D61 class=118000
0:114  0:000  PCI (00|00:16.00) : 8086 9D3A class=078000
0:114  0:000  PCI (00|00:1C.00) : 8086 9D10 class=060400
0:114  0:000  PCI (00|01:00.00) : 10DE 1D12 class=030200
0:114  0:000  PCI (00|00:1C.07) : 8086 9D17 class=060400
0:114  0:000  PCI (00|02:00.00) : 8086 24FD class=028000
0:114  0:000   - WIFI: Vendor=Intel
0:114  0:000  PCI (00|00:1D.00) : 8086 9D18 class=060400
0:114  0:000  PCI (00|03:00.00) : 144D A804 class=010802
0:114  0:000  PCI (00|00:1F.00) : 8086 9D4E class=060100
0:114  0:000  PCI (00|00:1F.02) : 8086 9D21 class=058000
0:114  0:000  PCI (00|00:1F.03) : 8086 9D71 class=040300
0:114  0:000  PCI (00|00:1F.04) : 8086 9D23 class=0C0500
0:114  0:000  === [ GetDefaultSettings ] ================================
0:114  0:000  Clover load options size = 0 bytes
0:116  0:001  EFI\CLOVER\config.plist loaded: Success
0:130  0:013  === [ GetListOfThemes ] ===================================
0:130  0:000  - [00]: newyear
0:131  0:000  - [01]: christmas
0:132  0:000  - [02]: random
0:132  0:000  - [02]: embedded
0:133  0:001  - [02]: Xiaomi
0:134  0:000  === [ Found config plists ] ===============================
0:134  0:000  - config-skl.plist
0:134  0:000  - config-kbl.plist
0:134  0:000  - config.plist
0:134  0:000  === [ GetEarlyUserSettings ] ==============================
0:134  0:000  timeout set to 5
0:134  0:000  Custom boot CUSTOM_BOOT_DISABLED (0x0)
0:134  0:000  ForceKextsToLoad: 1 requested
0:134  0:000   - [0]: System\Library\Extensions\IONetworkingFamily.kext
0:134  0:000  KextsToPatch: 3 requested
0:134  0:000   - [00]: com.apple.driver.AppleIntelSKLGraphicsFramebuffer (0x19160000/etc, 19MB framebuffer 9MB (WORKING)) :: BinPatch :: data len: 12
0:134  0:000   - patch disabled at config
0:134  0:000   - [01]: com.apple.driver.AppleIntelKBLGraphicsFramebuffer (0x591b0000, 32MB BIOS, 19MB framebuffer 9MB cursor bytes (credit RehabMan)) :: BinPatch :: data len: 8
0:134  0:000   - [02]: com.apple.driver.AppleIntelKBLGraphicsFramebuffer (0x591b0000, 0105 instead of 0306, HDMI) :: BinPatch :: data len: 36
0:134  0:000   - patch disabled at config
0:134  0:000  KernelToPatch: 1 requested
0:134  0:000   - [00]: MSR 0xE2 _xcpm_idle instant reboot(c) Pike R. Alpha :: data len: 8
0:134  0:000  Default theme: Xiaomi
0:134  0:000  Hiding entries with string Preboot
0:134  0:000  === [ LoadDrivers ] =======================================
0:134  0:000  Loading OsxFatBinaryDrv-64.efi  status=Success
0:137  0:002  Loading AppleImageCodec-64.efi  status=Success
0:139  0:002  Loading AppleUITheme-64.efi  status=Success
0:141  0:002  Loading DataHubDxe-64.efi  status=Success
0:144  0:002  Loading AppleKeyAggregator-64.efi  status=Success
0:146  0:002  Loading OsxAptioFix2Drv-64.efi  status=Success
0:149  0:002  Loading FSInject-64.efi  status=Success
0:151  0:002  Loading FirmwareVolume-64.efi  status=Success
0:153  0:002  Loading EmuVariableUefi-64.efi  status=Success
0:156  0:002  EmuVariableUefi Initialize: VariableCommonInitialize = Success, orig services stored, install gEmuVariableControlProtocolGuid = Success
0:156  0:000  Loading SMCHelper-64.efi  status=Success
0:158  0:002  Loading HFSPlus.efi  status=Success
0:161  0:002   - driver needs connecting
0:161  0:000  Loading apfs.efi  status=Success
0:169  0:007   - driver needs connecting
0:169  0:000  2 drivers needs connecting ...
0:169  0:000  PlatformDriverOverrideProtocol->GetDriver overriden
0:169  0:000  HFS+ driver loaded
0:169  0:000  APFS driver loaded
0:169  0:000  Searching for invalid DiskIo BY_DRIVER connects: not found, all ok
0:990  0:820  EmuVariable InstallEmulation: orig vars copied, emu.var.services installed, CreateEvent VirtualAddressChange = Success, CreateEvent ExitBootServices = Success, set Status=Success
1:030  0:039  === [ InitScreen ] ========================================
1:030  0:000  SetMaxResolution: found best mode 0: 1920x1080
1:030  0:000   - already set
1:030  0:000  Console modes reported: 7, available modes:
1:030  0:000   - [01]: 80x25
1:030  0:000   - [02]: 80x50
1:030  0:000   - [03]: 80x25
1:030  0:000   - [04]: 240x56 (current mode)
1:030  0:000   - [05]: 100x31
1:030  0:000   - [06]: 128x40
1:030  0:000   - [07]: 160x53
1:030  0:000  SetScreenResolution: 1920x1080 - already set
1:030  0:000  reinit: self device path=PciRoot(0x0)\Pci(0x1D,0x0)\Pci(0x0,0x0)\NVMe(0x1,64-61-B2-71-B8-38-25-00)\HD(1,GPT,27705491-3C2A-4E22-A5AA-709AE2B20DE7,0x28,0x64000)
1:031  0:001  Using embedded font: Success
1:032  0:001  === [ GetMacAddress ] =====================================
1:032  0:000  === [ ScanSPD ] ===========================================
1:033  0:000  SMBus device : 8086 9D23 class=0C0500 status=Success
1:033  0:000  SMBus CmdReg: 0x3
1:033  0:000  Scanning SMBus [8086:9D23], mmio: 0xB422D004, ioport: 0x4040, hostc: 0x11
1:033  0:000  Slots to scan [8]...
1:034  0:001  === [ GetAcpiTablesList ] =================================
1:059  0:024  Get Acpi Tables List from RSDT:
1:059  0:000   - [00]: FACP  XMCC1701 len=268
1:059  0:000   - [01]: UEFI  XMCC1701 len=566
1:059  0:000   - [02]: UEFI  XMCC1701 len=66
1:059  0:000   - [03]: MSDM  XMCC1701 len=85
1:059  0:000   - [04]: SSDT  XMCC1701 len=1219
1:059  0:000   - [05]: SSDT  XMCC1701 len=70
1:059  0:000   - [06]: TPM2  XMCC1701 len=52
1:059  0:000   - [07]: SSDT  XMCC1701 len=12560
1:059  0:000   - [08]: ASF!  XMCC1701 len=165
1:059  0:000   - [09]: ASPT  XMCC1701 len=52
1:059  0:000   - [10]: BOOT  XMCC1701 len=40
1:059  0:000   - [11]: DBGP  XMCC1701 len=52
1:059  0:000   - [12]: HPET  XMCC1701 len=56
1:059  0:000   - [13]: APIC  XMCC1701 len=300
1:059  0:000   - [14]: MCFG  XMCC1701 len=60
1:059  0:000   - [15]: SSDT  XMCC1701 len=1303
1:059  0:000   - [16]: SSDT  XMCC1701 len=1952
1:059  0:000   - [17]: LPIT  XMCC1701 len=148
1:059  0:000   - [18]: WSMT  XMCC1701 len=40
1:059  0:000   - [19]: SSDT  XMCC1701 len=671
1:059  0:000   - [20]: SSDT  XMCC1701 len=838
1:059  0:000   - [21]: SSDT  XMCC1701 len=12290
1:059  0:000   - [22]: SSDT  XMCC1701 len=1310
1:059  0:000   - [23]: DBGP  XMCC1701 len=52
1:059  0:000   - [24]: DBG2  XMCC1701 len=84
1:059  0:000   - [25]: SSDT  XMCC1701 len=2832
1:059  0:000   - [26]: SSDT  XMCC1701 len=6062
1:059  0:000   - [27]: SSDT  XMCC1701 len=14498
1:059  0:000   - [28]: DMAR  XMCC1701 len=240
1:059  0:000   - [29]: FPDT  XMCC1701 len=68
1:059  0:000   - [30]: BGRT  XMCC1701 len=56
1:059  0:000  Calibrated TSC Frequency = 1797113800 = 1797MHz
1:059  0:000  === [ GetUserSettings ] ===================================
1:059  0:000  Add 3 properties:
1:059  0:000   - [00]: NVidia, len: 9
1:059  0:000   - [01]: NVidia, len: 9
1:059  0:000   - [02]: NVidia, len: 4
1:059  0:000  USB FixOwnership: yes
1:059  0:000  Dropping 3 tables:
1:059  0:000   - [00]: Drop table  signature="#MCF" (46434D23)
1:059  0:000           - set table: 46434D23,                0 to drop: no
1:059  0:000   - [01]: Drop table  signature="DMAR" (52414D44)
1:059  0:000           - set table: 52414D44,                0 to drop: yes
1:059  0:000   - [02]: Drop table  signature="SSDT" (54445353) table-id="xh_rvp10" (30317076725F6878)
1:059  0:000           - set table: 54445353, 30317076725F6878 to drop: no
1:059  0:000   - final DSDT Fix mask=29000004
1:059  0:000  PatchesDSDT: 11 requested
1:059  0:000   - [00]: (change OSID to XSID (to avoid match against _OSI XOSI patch)) lenToFind: 4, lenToReplace: 4, Target Bridge: <null string>
1:059  0:000    patch disabled at config
1:059  0:000   - [01]: (change _OSI to XOSI) lenToFind: 4, lenToReplace: 4, Target Bridge: <null string>
1:059  0:000    patch disabled at config
1:059  0:000   - [02]: (change _DSM to XDSM) lenToFind: 4, lenToReplace: 4, Target Bridge: <null string>
1:059  0:000   - [03]: (change EC0 to EC) lenToFind: 4, lenToReplace: 4, Target Bridge: <null string>
1:059  0:000    patch disabled at config
1:059  0:000   - [04]: (change H_EC to EC) lenToFind: 4, lenToReplace: 4, Target Bridge: <null string>
1:059  0:000    patch disabled at config
1:059  0:000   - [05]: (change ECDV to EC) lenToFind: 4, lenToReplace: 4, Target Bridge: <null string>
1:059  0:000    patch disabled at config
1:059  0:000   - [06]: (change HDAS to HDEF) lenToFind: 4, lenToReplace: 4, Target Bridge: <null string>
1:059  0:000   - [07]: (change HECI to IMEI) lenToFind: 4, lenToReplace: 4, Target Bridge: <null string>
1:059  0:000   - [08]: (change MEI to IMEI) lenToFind: 4, lenToReplace: 4, Target Bridge: <null string>
1:059  0:000   - [09]: (change GFX0 to IGPU) lenToFind: 4, lenToReplace: 4, Target Bridge: <null string>
1:059  0:000   - [10]: (change _OSI to XOSI) lenToFind: 4, lenToReplace: 4, Target Bridge: <null string>
1:059  0:000  Using ProductName from config
1:059  0:000  ProductName: MacBookPro14,1
1:059  0:000  BiosVersion: not set, Using BiosVersion from clover
1:059  0:000  BiosVersion: MBP141.88Z.0167.B00.1708080034
1:059  0:000  BiosReleaseDate: 08/08/2017
1:059  0:000  Using FirmwareFeatures from clover
1:059  0:000  FirmwareFeatures: 0xFC0FE136
1:059  0:000  Using FirmwareFeaturesMask from clover
1:059  0:000  FirmwareFeaturesMask: 0xFF1FFF3F
1:059  0:000  Using PlatformFeature from clover
1:059  0:000  PlatformFeature: 0x1A
1:209  0:149  === [ ScanVolumes ] =======================================
1:209  0:000  Found 7 volumes with blockIO
1:209  0:000  - [00]: Volume: PciRoot(0x0)\Pci(0x1D,0x0)\Pci(0x0,0x0)\NVMe(0x1,64-61-B2-71-B8-38-25-00)
1:209  0:000  - [01]: Volume: PciRoot(0x0)\Pci(0x1D,0x0)\Pci(0x0,0x0)\NVMe(0x1,64-61-B2-71-B8-38-25-00)\HD(1,GPT,27705491-3C2A-4E22-A5AA-709AE2B20DE7,0x28,0x64000)
1:210  0:000          Result of bootcode detection: bootable unknown (legacy)
1:210  0:000          This is SelfVolume !!
1:210  0:000  - [02]: Volume: PciRoot(0x0)\Pci(0x1D,0x0)\Pci(0x0,0x0)\NVMe(0x1,64-61-B2-71-B8-38-25-00)\HD(2,GPT,6BF41DF9-E0D9-4B22-8F1F-56A793849D3F,0x64028,0x1DC8F260)
1:210  0:000          Result of bootcode detection: bootable unknown (legacy)
1:210  0:000  - [03]: Volume: PciRoot(0x0)\Pci(0x1D,0x0)\Pci(0x0,0x0)\NVMe(0x1,64-61-B2-71-B8-38-25-00)\HD(2,GPT,6BF41DF9-E0D9-4B22-8F1F-56A793849D3F,0x64028,0x1DC8F260)\VenMedia(BE74FCF7-0B7C-49F3-9147-01F4042E6842,FE2681386D33C146A617055845C52634)
1:210  0:000          hiding this volume
1:210  0:000  - [04]: Volume: PciRoot(0x0)\Pci(0x1D,0x0)\Pci(0x0,0x0)\NVMe(0x1,64-61-B2-71-B8-38-25-00)\HD(2,GPT,6BF41DF9-E0D9-4B22-8F1F-56A793849D3F,0x64028,0x1DC8F260)\VenMedia(BE74FCF7-0B7C-49F3-9147-01F4042E6842,941FE0E707FCE93883D88C46C60E136D)
1:210  0:000  - [05]: Volume: PciRoot(0x0)\Pci(0x1D,0x0)\Pci(0x0,0x0)\NVMe(0x1,64-61-B2-71-B8-38-25-00)\HD(2,GPT,6BF41DF9-E0D9-4B22-8F1F-56A793849D3F,0x64028,0x1DC8F260)\VenMedia(BE74FCF7-0B7C-49F3-9147-01F4042E6842,445E2729B595D441BB5996DD493123E8)
1:210  0:000  - [06]: Volume: PciRoot(0x0)\Pci(0x1D,0x0)\Pci(0x0,0x0)\NVMe(0x1,64-61-B2-71-B8-38-25-00)\HD(2,GPT,6BF41DF9-E0D9-4B22-8F1F-56A793849D3F,0x64028,0x1DC8F260)\VenMedia(BE74FCF7-0B7C-49F3-9147-01F4042E6842,40970B653A048C49B5132E10C105F352)
1:211  0:000  Loading nvram.plist from Vol 'EFI' - loaded, size=8212
1:215  0:003  === [ PutNvramPlistToRtVars ] =============================
1:215  0:000   Adding Key: EFILoginHiDPI: Size = 4, Data: 00 00 00 00 
1:215  0:000   Skipping EmuVariableUefiPresent
1:215  0:000   Adding Key: IDInstallerDataV2: Size = 746, Data: E0 3B 62 70 6C 69 73 74 30 30 A1 01 DF 10 16 02 03 04 05 06 07 08 09 0A 0B 0C 0D 0E 0F 10 11 12 13 14 15 16 17 18 19 1A 1B 1C 1D 1E 1F 20 21 22 23 24 25 26 27 28 29 2A 2B 2C 2D 51 39 53 32 31 33 53 31 30 33 53 34 30 30 53 32 30 35 00 10 40 08 34 40 10 36 E5 31 51 30 53 31 10 16 E7 32 53 31 35 30 51 33 00 1C 88 1E 35 51 80 28 33 51 86 39 39 E5 38 51 36 51 37 00 08 E0 1A 39 56 66 61 69 6C 65 64 58 34 2E 36 37 31 30 39 38 51 31 5F 11 01 6A 7B 22 72 73 22 3A 30 2C 22 61 61 22 3A 31 34 37 2C 22 73 18 10 E4 6E 5F 6C 66 10 09 EE 70 69 22 3A 22 50 43 49 2D 45 78 70 72 65 00 1E 00 23 E5 7A 5F 73 73 64 10 1E 40 37 62 48 2E 37 96 65 61 40 35 73 E6 32 33 37 37 34 31 00 3A 80 3B 72 6C E4 43 58 42 37 08 AB 00 38 90 24 72 75 48 6B 63 88 36 31 31 18 6C 90 07 62 63 00 5F 40 31 56 E8 37 34 38 2E 33 31 2E 38 F3 46 74 88 29 33 32 00 6E 00 EA 88 67 2C 22 40 AE 38 18 4A 80 30 70 6E E0 06 53 41 4D 53 55 4E 47 5F 4D 5A 56 4C 57 32 35 36 48 45 48 50 2D 30 08 01 00 42 80 22 6D 74 10 B3 00 98 E5 34 33 33 37 38 08 4E 00 A5 48 4E 33 58 47 63 58 87 65 48 2D 76 00 6E 58 16 64 60 64 6E 68 3A 73 F2 E7 65 6E 63 72 79 70 74 18 35 20 26 98 08 5F 68 F1 90 09 6C 65 40 A2 74 81 14 32 39 48 09 6A 49 41 34 01 07 E6 30 7D 58 31 2E 32 01 C3 81 82 39 39 E0 06 35 35 32 39 31 32 58 30 2E 30 30 36 30 35 32 5F 10 C6 7B 22 66 70 10 7D 39 35 F8 18 9D 40 17 66 49 55 2D 39 8F F8 61 1C 70 39 0E F2 6E 20 F0 05 50 53 72 19 C2 58 60 66 40 43 64 10 09 48 4E 6D 00 EC 48 70 75 80 57 36 35 C9 98 6F 73 74 FB 60 48 66 10 DB E0 24 22 49 6E 74 65 72 6E 61 6C 22 7D 55 31 37 43 38 38 56 70 61 73 73 65 64 5A 34 36 37 2E 38 35 35 39 31 37 54 49 41 53 55 5B 73 6F 6C 69 64 20 73 74 61 74 65 10 FB E7 32 34 35 33 5B 75 6E 21 55 EB 65 64 59 31 36 2E 32 31 31 33 33 01 11 E0 00 10 63 61 73 65 20 69 6E 73 65 6E 73 69 74 69 76 18 32 E4 30 39 33 32 01 48 E0 00 30 33 30 38 31 37 55 63 6C 65 61 6E 53 59 45 53 00 1C C0 03 39 33 36 E0 4D 00 08 00 0A 00 39 00 3B 00 3F 00 43 00 47 00 4B 00 4F 00 53 00 57 00 59 00 5D 00 61 00 65 00 67 00 6B 00 6D 00 71 00 73 00 77 00 7B 00 7D 00 7F 00 83 00 8A 00 93 00 95 02 03 02 0C 02 15 02 1E 02 E7 02 ED 02 F4 02 FF 03 04 03 10 03 19 03 25 03 2F 03 42 03 4B 03 54 03 5A 03 5E 00 10 01 CE 02 01 00 F2 9E 2E 00 F6 E3 00 03 67 06 00 00 00 00 00 00 00 
1:215  0:000   Adding Key: LocationServicesEnabled: Size = 1, Data: 01 
1:215  0:000   Adding Key: SystemAudioVolume: Size = 1, Data: 70 
1:215  0:000   Adding Key: SystemAudioVolumeDB: Size = 1, Data: F9 
1:215  0:000   Adding Key: backlight-level: Size = 2, Data: 75 01 
1:215  0:000   Adding Key: bluetoothActiveControllerInfo: Size = 16, Data: 2B 0A 87 80 00 00 00 00 50 14 00 00 00 00 00 00 
1:215  0:000   Adding Key: bootercfg: Size = 2, Data: 28 00 
1:215  0:000   Adding Key: csr-active-config: Size = 4, Data: 67 00 00 00 
1:215  0:000   Adding Key: efi-apple-payload0: Size = 417, Data: 3C 61 72 72 61 79 3E 3C 64 69 63 74 3E 3C 6B 65 79 3E 49 4F 4D 61 74 63 68 3C 2F 6B 65 79 3E 3C 64 69 63 74 3E 3C 6B 65 79 3E 49 4F 50 72 6F 76 69 64 65 72 43 6C 61 73 73 3C 2F 6B 65 79 3E 3C 73 74 72 69 6E 67 3E 49 4F 4D 65 64 69 61 3C 2F 73 74 72 69 6E 67 3E 3C 6B 65 79 3E 49 4F 50 72 6F 70 65 72 74 79 4D 61 74 63 68 3C 2F 6B 65 79 3E 3C 64 69 63 74 3E 3C 6B 65 79 3E 55 55 49 44 3C 2F 6B 65 79 3E 3C 73 74 72 69 6E 67 3E 36 42 30 30 30 33 46 42 2D 31 44 41 32 2D 34 31 38 30 2D 39 33 34 39 2D 32 44 39 34 43 39 30 30 36 37 45 32 3C 2F 73 74 72 69 6E 67 3E 3C 2F 64 69 63 74 3E 3C 2F 64 69 63 74 3E 3C 6B 65 79 3E 42 4C 4C 61 73 74 42 53 44 4E 61 6D 65 3C 2F 6B 65 79 3E 3C 73 74 72 69 6E 67 3E 64 69 73 6B 30 73 31 3C 2F 73 74 72 69 6E 67 3E 3C 2F 64 69 63 74 3E 3C 64 69 63 74 3E 3C 6B 65 79 3E 49 4F 45 46 49 44 65 76 69 63 65 50 61 74 68 54 79 70 65 3C 2F 6B 65 79 3E 3C 73 74 72 69 6E 67 3E 4D 65 64 69 61 46 69 6C 65 50 61 74 68 3C 2F 73 74 72 69 6E 67 3E 3C 6B 65 79 3E 50 61 74 68 3C 2F 6B 65 79 3E 3C 73 74 72 69 6E 67 3E 5C 45 46 49 5C 41 50 50 4C 45 5C 55 50 44 41 54 45 52 53 5C 4D 55 4C 54 49 55 50 44 41 54 45 52 5C 53 6D 63 46 6C 61 73 68 65 72 2E 65 66 69 3C 2F 73 74 72 69 6E 67 3E 3C 2F 64 69 63 74 3E 3C 2F 61 72 72 61 79 3E 00 
1:216  0:000   Adding Key: efi-apple-payload0-data: Size = 186, Data: 02 01 0C 00 D0 41 03 0A 00 00 00 00 01 01 06 00 00 1D 01 01 06 00 00 00 03 16 10 00 01 00 00 00 00 25 38 B8 71 B2 61 64 04 01 2A 00 01 00 00 00 28 00 00 00 00 00 00 00 00 40 06 00 00 00 00 00 FB 03 00 6B A2 1D 80 41 93 49 2D 94 C9 00 67 E2 02 02 04 04 64 00 5C 00 45 00 46 00 49 00 5C 00 41 00 50 00 50 00 4C 00 45 00 5C 00 55 00 50 00 44 00 41 00 54 00 45 00 52 00 53 00 5C 00 4D 00 55 00 4C 00 54 00 49 00 55 00 50 00 44 00 41 00 54 00 45 00 52 00 5C 00 53 00 6D 00 63 00 46 00 6C 00 61 00 73 00 68 00 65 00 72 00 2E 00 65 00 66 00 69 00 00 00 7F FF 04 00 
1:216  0:000   Adding Key: efi-apple-payload1: Size = 419, Data: 3C 61 72 72 61 79 3E 3C 64 69 63 74 3E 3C 6B 65 79 3E 49 4F 4D 61 74 63 68 3C 2F 6B 65 79 3E 3C 64 69 63 74 3E 3C 6B 65 79 3E 49 4F 50 72 6F 76 69 64 65 72 43 6C 61 73 73 3C 2F 6B 65 79 3E 3C 73 74 72 69 6E 67 3E 49 4F 4D 65 64 69 61 3C 2F 73 74 72 69 6E 67 3E 3C 6B 65 79 3E 49 4F 50 72 6F 70 65 72 74 79 4D 61 74 63 68 3C 2F 6B 65 79 3E 3C 64 69 63 74 3E 3C 6B 65 79 3E 55 55 49 44 3C 2F 6B 65 79 3E 3C 73 74 72 69 6E 67 3E 36 42 30 30 30 33 46 42 2D 31 44 41 32 2D 34 31 38 30 2D 39 33 34 39 2D 32 44 39 34 43 39 30 30 36 37 45 32 3C 2F 73 74 72 69 6E 67 3E 3C 2F 64 69 63 74 3E 3C 2F 64 69 63 74 3E 3C 6B 65 79 3E 42 4C 4C 61 73 74 42 53 44 4E 61 6D 65 3C 2F 6B 65 79 3E 3C 73 74 72 69 6E 67 3E 64 69 73 6B 30 73 31 3C 2F 73 74 72 69 6E 67 3E 3C 2F 64 69 63 74 3E 3C 64 69 63 74 3E 3C 6B 65 79 3E 49 4F 45 46 49 44 65 76 69 63 65 50 61 74 68 54 79 70 65 3C 2F 6B 65 79 3E 3C 73 74 72 69 6E 67 3E 4D 65 64 69 61 46 69 6C 65 50 61 74 68 3C 2F 73 74 72 69 6E 67 3E 3C 6B 65 79 3E 50 61 74 68 3C 2F 6B 65 79 3E 3C 73 74 72 69 6E 67 3E 5C 45 46 49 5C 41 50 50 4C 45 5C 55 50 44 41 54 45 52 53 5C 4D 55 4C 54 49 55 50 44 41 54 45 52 5C 66 6C 61 73 68 65 72 5F 62 61 73 65 2E 73 6D 63 3C 2F 73 74 72 69 6E 67 3E 3C 2F 64 69 63 74 3E 3C 2F 61 72 72 61 79 3E 00 
1:216  0:000   Adding Key: efi-apple-payload1-data: Size = 190, Data: 02 01 0C 00 D0 41 03 0A 00 00 00 00 01 01 06 00 00 1D 01 01 06 00 00 00 03 16 10 00 01 00 00 00 00 25 38 B8 71 B2 61 64 04 01 2A 00 01 00 00 00 28 00 00 00 00 00 00 00 00 40 06 00 00 00 00 00 FB 03 00 6B A2 1D 80 41 93 49 2D 94 C9 00 67 E2 02 02 04 04 68 00 5C 00 45 00 46 00 49 00 5C 00 41 00 50 00 50 00 4C 00 45 00 5C 00 55 00 50 00 44 00 41 00 54 00 45 00 52 00 53 00 5C 00 4D 00 55 00 4C 00 54 00 49 00 55 00 50 00 44 00 41 00 54 00 45 00 52 00 5C 00 66 00 6C 00 61 00 73 00 68 00 65 00 72 00 5F 00 62 00 61 00 73 00 65 00 2E 00 73 00 6D 00 63 00 00 00 7F FF 04 00 
1:216  0:000   Adding Key: efi-apple-payload2: Size = 421, Data: 3C 61 72 72 61 79 3E 3C 64 69 63 74 3E 3C 6B 65 79 3E 49 4F 4D 61 74 63 68 3C 2F 6B 65 79 3E 3C 64 69 63 74 3E 3C 6B 65 79 3E 49 4F 50 72 6F 76 69 64 65 72 43 6C 61 73 73 3C 2F 6B 65 79 3E 3C 73 74 72 69 6E 67 3E 49 4F 4D 65 64 69 61 3C 2F 73 74 72 69 6E 67 3E 3C 6B 65 79 3E 49 4F 50 72 6F 70 65 72 74 79 4D 61 74 63 68 3C 2F 6B 65 79 3E 3C 64 69 63 74 3E 3C 6B 65 79 3E 55 55 49 44 3C 2F 6B 65 79 3E 3C 73 74 72 69 6E 67 3E 36 42 30 30 30 33 46 42 2D 31 44 41 32 2D 34 31 38 30 2D 39 33 34 39 2D 32 44 39 34 43 39 30 30 36 37 45 32 3C 2F 73 74 72 69 6E 67 3E 3C 2F 64 69 63 74 3E 3C 2F 64 69 63 74 3E 3C 6B 65 79 3E 42 4C 4C 61 73 74 42 53 44 4E 61 6D 65 3C 2F 6B 65 79 3E 3C 73 74 72 69 6E 67 3E 64 69 73 6B 30 73 31 3C 2F 73 74 72 69 6E 67 3E 3C 2F 64 69 63 74 3E 3C 64 69 63 74 3E 3C 6B 65 79 3E 49 4F 45 46 49 44 65 76 69 63 65 50 61 74 68 54 79 70 65 3C 2F 6B 65 79 3E 3C 73 74 72 69 6E 67 3E 4D 65 64 69 61 46 69 6C 65 50 61 74 68 3C 2F 73 74 72 69 6E 67 3E 3C 6B 65 79 3E 50 61 74 68 3C 2F 6B 65 79 3E 3C 73 74 72 69 6E 67 3E 5C 45 46 49 5C 41 50 50 4C 45 5C 55 50 44 41 54 45 52 53 5C 4D 55 4C 54 49 55 50 44 41 54 45 52 5C 66 6C 61 73 68 65 72 5F 75 70 64 61 74 65 2E 73 6D 63 3C 2F 73 74 72 69 6E 67 3E 3C 2F 64 69 63 74 3E 3C 2F 61 72 72 61 79 3E 00 
1:216  0:000   Adding Key: efi-apple-payload2-data: Size = 194, Data: 02 01 0C 00 D0 41 03 0A 00 00 00 00 01 01 06 00 00 1D 01 01 06 00 00 00 03 16 10 00 01 00 00 00 00 25 38 B8 71 B2 61 64 04 01 2A 00 01 00 00 00 28 00 00 00 00 00 00 00 00 40 06 00 00 00 00 00 FB 03 00 6B A2 1D 80 41 93 49 2D 94 C9 00 67 E2 02 02 04 04 6C 00 5C 00 45 00 46 00 49 00 5C 00 41 00 50 00 50 00 4C 00 45 00 5C 00 55 00 50 00 44 00 41 00 54 00 45 00 52 00 53 00 5C 00 4D 00 55 00 4C 00 54 00 49 00 55 00 50 00 44 00 41 00 54 00 45 00 52 00 5C 00 66 00 6C 00 61 00 73 00 68 00 65 00 72 00 5F 00 75 00 70 00 64 00 61 00 74 00 65 00 2E 00 73 00 6D 00 63 00 00 00 7F FF 04 00 
1:216  0:000   Adding Key: efi-apple-payload3: Size = 427, Data: 3C 61 72 72 61 79 3E 3C 64 69 63 74 3E 3C 6B 65 79 3E 49 4F 4D 61 74 63 68 3C 2F 6B 65 79 3E 3C 64 69 63 74 3E 3C 6B 65 79 3E 49 4F 50 72 6F 76 69 64 65 72 43 6C 61 73 73 3C 2F 6B 65 79 3E 3C 73 74 72 69 6E 67 3E 49 4F 4D 65 64 69 61 3C 2F 73 74 72 69 6E 67 3E 3C 6B 65 79 3E 49 4F 50 72 6F 70 65 72 74 79 4D 61 74 63 68 3C 2F 6B 65 79 3E 3C 64 69 63 74 3E 3C 6B 65 79 3E 55 55 49 44 3C 2F 6B 65 79 3E 3C 73 74 72 69 6E 67 3E 36 42 30 30 30 33 46 42 2D 31 44 41 32 2D 34 31 38 30 2D 39 33 34 39 2D 32 44 39 34 43 39 30 30 36 37 45 32 3C 2F 73 74 72 69 6E 67 3E 3C 2F 64 69 63 74 3E 3C 2F 64 69 63 74 3E 3C 6B 65 79 3E 42 4C 4C 61 73 74 42 53 44 4E 61 6D 65 3C 2F 6B 65 79 3E 3C 73 74 72 69 6E 67 3E 64 69 73 6B 30 73 31 3C 2F 73 74 72 69 6E 67 3E 3C 2F 64 69 63 74 3E 3C 64 69 63 74 3E 3C 6B 65 79 3E 49 4F 45 46 49 44 65 76 69 63 65 50 61 74 68 54 79 70 65 3C 2F 6B 65 79 3E 3C 73 74 72 69 6E 67 3E 4D 65 64 69 61 46 69 6C 65 50 61 74 68 3C 2F 73 74 72 69 6E 67 3E 3C 6B 65 79 3E 50 61 74 68 3C 2F 6B 65 79 3E 3C 73 74 72 69 6E 67 3E 5C 45 46 49 5C 41 50 50 4C 45 5C 55 50 44 41 54 45 52 53 5C 4D 55 4C 54 49 55 50 44 41 54 45 52 5C 4D 61 63 2D 37 44 46 32 31 43 42 33 45 44 36 39 37 37 45 35 2E 65 70 6D 3C 2F 73 74 72 69 6E 67 3E 3C 2F 64 69 63 74 3E 3C 2F 61 72 72 61 79 3E 00 
1:216  0:000   Adding Key: efi-apple-payload3-data: Size = 206, Data: 02 01 0C 00 D0 41 03 0A 00 00 00 00 01 01 06 00 00 1D 01 01 06 00 00 00 03 16 10 00 01 00 00 00 00 25 38 B8 71 B2 61 64 04 01 2A 00 01 00 00 00 28 00 00 00 00 00 00 00 00 40 06 00 00 00 00 00 FB 03 00 6B A2 1D 80 41 93 49 2D 94 C9 00 67 E2 02 02 04 04 78 00 5C 00 45 00 46 00 49 00 5C 00 41 00 50 00 50 00 4C 00 45 00 5C 00 55 00 50 00 44 00 41 00 54 00 45 00 52 00 53 00 5C 00 4D 00 55 00 4C 00 54 00 49 00 55 00 50 00 44 00 41 00 54 00 45 00 52 00 5C 00 4D 00 61 00 63 00 2D 00 37 00 44 00 46 00 32 00 31 00 43 00 42 00 33 00 45 00 44 00 36 00 39 00 37 00 37 00 45 00 35 00 2E 00 65 00 70 00 6D 00 00 00 7F FF 04 00 
1:216  0:000   Adding Key: efi-boot-device: Size = 445, Data: 3C 61 72 72 61 79 3E 3C 64 69 63 74 3E 3C 6B 65 79 3E 49 4F 4D 61 74 63 68 3C 2F 6B 65 79 3E 3C 64 69 63 74 3E 3C 6B 65 79 3E 49 4F 50 72 6F 76 69 64 65 72 43 6C 61 73 73 3C 2F 6B 65 79 3E 3C 73 74 72 69 6E 67 3E 49 4F 4D 65 64 69 61 3C 2F 73 74 72 69 6E 67 3E 3C 6B 65 79 3E 49 4F 50 72 6F 70 65 72 74 79 4D 61 74 63 68 3C 2F 6B 65 79 3E 3C 64 69 63 74 3E 3C 6B 65 79 3E 55 55 49 44 3C 2F 6B 65 79 3E 3C 73 74 72 69 6E 67 3E 33 38 38 31 32 36 46 45 2D 33 33 36 44 2D 34 36 43 31 2D 41 36 31 37 2D 30 35 35 38 34 35 43 35 32 36 33 34 3C 2F 73 74 72 69 6E 67 3E 3C 2F 64 69 63 74 3E 3C 2F 64 69 63 74 3E 3C 6B 65 79 3E 42 4C 4C 61 73 74 42 53 44 4E 61 6D 65 3C 2F 6B 65 79 3E 3C 73 74 72 69 6E 67 3E 64 69 73 6B 32 31 73 32 3C 2F 73 74 72 69 6E 67 3E 3C 2F 64 69 63 74 3E 3C 64 69 63 74 3E 3C 6B 65 79 3E 49 4F 45 46 49 44 65 76 69 63 65 50 61 74 68 54 79 70 65 3C 2F 6B 65 79 3E 3C 73 74 72 69 6E 67 3E 4D 65 64 69 61 46 69 6C 65 50 61 74 68 3C 2F 73 74 72 69 6E 67 3E 3C 6B 65 79 3E 50 61 74 68 3C 2F 6B 65 79 3E 3C 73 74 72 69 6E 67 3E 5C 45 37 45 30 31 46 39 34 2D 46 43 30 37 2D 33 38 45 39 2D 38 33 44 38 2D 38 43 34 36 43 36 30 45 31 33 36 44 5C 53 79 73 74 65 6D 5C 4C 69 62 72 61 72 79 5C 43 6F 72 65 53 65 72 76 69 63 65 73 5C 62 6F 6F 74 2E 65 66 69 3C 2F 73 74 72 69 6E 67 3E 3C 2F 64 69 63 74 3E 3C 2F 61 72 72 61 79 3E 00 
1:216  0:000   Adding Key: efi-boot-device-data: Size = 276, Data: 02 01 0C 00 D0 41 03 0A 00 00 00 00 01 01 06 00 00 1D 01 01 06 00 00 00 03 16 10 00 01 00 00 00 00 25 38 B8 71 B2 61 64 04 01 2A 00 02 00 00 00 28 40 06 00 00 00 00 00 60 F2 C8 1D 00 00 00 00 F9 1D F4 6B D9 E0 22 4B 8F 1F 56 A7 93 84 9D 3F 02 02 04 03 24 00 F7 FC 74 BE 7C 0B F3 49 91 47 01 F4 04 2E 68 42 FE 26 81 38 6D 33 C1 46 A6 17 05 58 45 C5 26 34 04 04 9A 00 5C 00 45 00 37 00 45 00 30 00 31 00 46 00 39 00 34 00 2D 00 46 00 43 00 30 00 37 00 2D 00 33 00 38 00 45 00 39 00 2D 00 38 00 33 00 44 00 38 00 2D 00 38 00 43 00 34 00 36 00 43 00 36 00 30 00 45 00 31 00 33 00 36 00 44 00 5C 00 53 00 79 00 73 00 74 00 65 00 6D 00 5C 00 4C 00 69 00 62 00 72 00 61 00 72 00 79 00 5C 00 43 00 6F 00 72 00 65 00 53 00 65 00 72 00 76 00 69 00 63 00 65 00 73 00 5C 00 62 00 6F 00 6F 00 74 00 2E 00 65 00 66 00 69 00 00 00 7F FF 04 00 
1:216  0:000   Adding Key: fakesmc-key-#KEY-ui32: Size = 4, Data: 00 00 00 11 
1:216  0:000   Adding Key: fakesmc-key-$Adr-ui32: Size = 4, Data: 00 00 03 00 
1:216  0:000   Adding Key: fakesmc-key-$Num-ui8: Size = 1, Data: 01 
1:216  0:000   Adding Key: fakesmc-key-BATP-flag: Size = 1, Data: 00 
1:216  0:000   Adding Key: fakesmc-key-BBIN-ui8: Size = 1, Data: 01 
1:216  0:000   Adding Key: fakesmc-key-BEMB-flag: Size = 1, Data: 01 
1:216  0:000   Adding Key: fakesmc-key-BNum-ui8: Size = 1, Data: 01 
1:216  0:000   Adding Key: fakesmc-key-EPCI-ui32: Size = 4, Data: 09 B0 F0 00 
1:216  0:000   Adding Key: fakesmc-key-MSAc-ui16: Size = 2, Data: 00 00 
1:216  0:000   Adding Key: fakesmc-key-MSFW-ui8: Size = 2, Data: 01 00 
1:216  0:000   Adding Key: fakesmc-key-MSPS-ui16: Size = 2, Data: 00 03 
1:216  0:000   Adding Key: fakesmc-key-MSTc-ui8: Size = 1, Data: 00 
1:216  0:000   Adding Key: fakesmc-key-MSWr-ui8: Size = 1, Data: 00 
1:216  0:000   Adding Key: fakesmc-key-RBr -ch8*: Size = 8, Data: 32 30 31 37 6D 62 70 00 
1:216  0:000   Adding Key: fakesmc-key-REV -ch8*: Size = 6, Data: 02 43 0F 00 00 06 
1:216  0:000   Adding Key: fakesmc-key-RMde-char: Size = 1, Data: 41 
1:216  0:000   Adding Key: fakesmc-key-RPlt-ch8*: Size = 8, Data: 6A 31 33 30 61 00 00 00 
1:217  0:000   Adding Key: flagstate: Size = 32, Data: 00 00 00 00 00 00 00 00 00 00 00 00 00 00 00 00 00 00 00 00 00 00 00 00 00 00 00 00 00 00 00 00 
1:217  0:000   Adding Key: fmm-computer-name: Size = 20, Data: 62 65 6E 6F E2 80 99 73 20 4D 61 63 42 6F 6F 6B 20 50 72 6F 
1:217  0:000   Adding Key: platform-uuid: Size = 16, Data: 0E 81 54 2D EE 6D 51 43 84 95 93 0F 9F BE 20 FE 
1:217  0:000   Adding Key: prev-lang:kbd: Size = 4, Data: 65 6E 3A 30 
1:217  0:000   Adding Key: security-mode: String: Size = 4, Val = 'none'
1:217  0:000   Adding Key: specialbootdevice: Size = 122, Data: 02 01 0C 00 D0 41 03 0A 00 00 00 00 01 01 06 00 00 1D 01 01 06 00 00 00 03 17 10 00 01 00 00 00 00 25 38 B8 71 B2 61 64 04 01 2A 00 02 00 00 00 28 40 06 00 00 00 00 00 60 F2 C8 1D 00 00 00 00 F9 1D F4 6B D9 E0 22 4B 8F 1F 56 A7 93 84 9D 3F 02 02 04 03 24 00 F7 FC 74 BE 7C 0B F3 49 91 47 01 F4 04 2E 68 42 94 1F E0 E7 07 FC E9 38 83 D8 8C 46 C6 0E 13 6D 7F FF 04 00 
1:217  0:000  === [ InitTheme ] =========================================
1:219  0:002  Using theme 'Xiaomi' (EFI\CLOVER\themes\Xiaomi)
1:219  0:000  OS main and drive as badge
1:222  0:002  Loading font from ThemeDir: Success
1:223  0:001  Choosing theme Xiaomi
1:223  0:000  after NVRAM boot-args=-v dart=0 nv_disable=1 kext-dev-mode=1 -disablegfxfirmware -igfxoff -igdvmtbeta
1:223  0:000  === [ Dump SMC keys from NVRAM ] ==========================
1:223  0:000  found AppleSMC protocol
1:224  0:000  Registered 17 SMC keys
1:224  0:000  === [ AddCustomEntries ] ==================================
1:224  0:000  Custom entry 0 skipped because it is hidden.
1:224  0:000  Custom entry 1 Title:"Windows" Path:"\EFI\Microsoft\Boot\bootmgfw.efi" Options:"-s -h" Type:7 Flags:0x0 matching all volumes
1:224  0:000      Checking volume "EFI" (PciRoot(0x0)\Pci(0x1D,0x0)\Pci(0x0,0x0)\NVMe(0x1,64-61-B2-71-B8-38-25-00)\HD(1,GPT,27705491-3C2A-4E22-A5AA-709AE2B20DE7,0x28,0x64000)) ... skipped because path does not exist
1:224  0:000      Checking volume "Preboot" (PciRoot(0x0)\Pci(0x1D,0x0)\Pci(0x0,0x0)\NVMe(0x1,64-61-B2-71-B8-38-25-00)\HD(2,GPT,6BF41DF9-E0D9-4B22-8F1F-56A793849D3F,0x64028,0x1DC8F260)\VenMedia(BE74FCF7-0B7C-49F3-9147-01F4042E6842,FE2681386D33C146A617055845C52634)) ... skipped because volume is hidden
1:224  0:000      Checking volume "OSX" (PciRoot(0x0)\Pci(0x1D,0x0)\Pci(0x0,0x0)\NVMe(0x1,64-61-B2-71-B8-38-25-00)\HD(2,GPT,6BF41DF9-E0D9-4B22-8F1F-56A793849D3F,0x64028,0x1DC8F260)\VenMedia(BE74FCF7-0B7C-49F3-9147-01F4042E6842,941FE0E707FCE93883D88C46C60E136D)) ... skipped because path does not exist
1:224  0:000      Checking volume "Recovery" (PciRoot(0x0)\Pci(0x1D,0x0)\Pci(0x0,0x0)\NVMe(0x1,64-61-B2-71-B8-38-25-00)\HD(2,GPT,6BF41DF9-E0D9-4B22-8F1F-56A793849D3F,0x64028,0x1DC8F260)\VenMedia(BE74FCF7-0B7C-49F3-9147-01F4042E6842,445E2729B595D441BB5996DD493123E8)) ... skipped because path does not exist
1:224  0:000      Checking volume "VM" (PciRoot(0x0)\Pci(0x1D,0x0)\Pci(0x0,0x0)\NVMe(0x1,64-61-B2-71-B8-38-25-00)\HD(2,GPT,6BF41DF9-E0D9-4B22-8F1F-56A793849D3F,0x64028,0x1DC8F260)\VenMedia(BE74FCF7-0B7C-49F3-9147-01F4042E6842,40970B653A048C49B5132E10C105F352)) ... skipped because path does not exist
1:224  0:000  === [ ScanLoader ] ========================================
1:224  0:000  - [01]: 'EFI'
1:237  0:013  - [03]: 'Preboot', hidden
1:237  0:000  - [04]: 'OSX'
1:240  0:002          AddLoaderEntry for Volume Name=OSX
1:240  0:000      Not match custom entry 0: Type: not match
1:241  0:001      hibernated: set as never
1:253  0:011  - [05]: 'Recovery'
1:253  0:000          AddLoaderEntry for Volume Name=Recovery
1:253  0:000      Skipped because matching custom entry 0!
1:263  0:009  - [06]: 'VM'
1:276  0:012  EmuVariable InstallEmulation: EFI_ALREADY_STARTED
1:276  0:000  === [ GetEfiBootDeviceFromNvram ] =========================
1:276  0:000   - efi-boot-device-data: PciRoot(0x0)\Pci(0x1D,0x0)\Pci(0x0,0x0)\SasEx(0x01000000002538B8,0x71B261647074616C,0x0,NoTopology,0,0,0)\HD(2,GPT,6BF41DF9-E0D9-4B22-8F1F-56A793849D3F,0x64028,0x1DC8F260)\VenMedia(BE74FCF7-0B7C-49F3-9147-01F4042E6842,FE2681386D33C146A617055845C52634)\E7E01F94-FC07-38E9-83D8-8C46C60E136D\System\Library\CoreServices\boot.efii
1:276  0:000    - Volume: 'PciRoot(0x0)\Pci(0x1D,0x0)\Pci(0x0,0x0)\SasEx(0x01000000002538B8,0x71B261647074616C,0x0,NoTopology,0,0,0)\HD(2,GPT,6BF41DF9-E0D9-4B22-8F1F-56A793849D3F,0x64028,0x1DC8F260)\VenMedia(BE74FCF7-0B7C-49F3-9147-01F4042E6842,FE2681386D33C146A617055845C52634)'
1:276  0:000    - LoaderPath: '\E7E01F94-FC07-38E9-83D8-8C46C60E136D\System\Library\CoreServices\boot.efi'
1:276  0:000    - Guid = 6BF41DF9-E0D9-4B22-8F1F-56A793849D3F
1:276  0:000  === [ FindStartupDiskVolume ] =============================
1:276  0:000    - Volume: partition = PciRoot(0x0)\Pci(0x1D,0x0)\Pci(0x0,0x0)\SasEx(0x01000000002538B8,0x71B261647074616C,0x0,NoTopology,0,0,0)\HD(2,GPT,6BF41DF9-E0D9-4B22-8F1F-56A793849D3F,0x64028,0x1DC8F260)\VenMedia(BE74FCF7-0B7C-49F3-9147-01F4042E6842,FE2681386D33C146A617055845C52634)
1:276  0:000     - searching for that partition and loader '\E7E01F94-FC07-38E9-83D8-8C46C60E136D\System\Library\CoreServices\boot.efi'
1:276  0:000      - [!] not found
1:276  0:000     - searching again, but comparing Media dev path nodes
1:276  0:000      - [!] not found
1:276  0:000     - searching for that partition
1:276  0:000      - [!] not found
1:276  0:000     - searching again, but comparing Media dev path nodes
1:276  0:000      - found entry 0. 'Boot macOS from OSX', Volume 'OSX'
1:276  0:000  Boot redirected to Entry 0. 'Boot macOS from OSX'
1:276  0:000  EmuVariable UninstallEmulation: CloseEvent = Success, original var services restored
1:276  0:000  DefaultIndex=0 and MainMenu.EntryCount=5
5:411  4:135  GUI ready
16:013  10:602  Found UEFI Acpi 2.0 RSDP at 8CFFD014
16:013  0:000  Saving ACPI tables from RSDP 8CFFD014 to EFI\CLOVER\ACPI\origin ...
16:013  0:000   8CFFD014: 'RSD PTR ', Rev: 2 (Acpi 2.0 or newer), Len: 36 -> RSDP.aml
16:016  0:002    (Xsdt: 8CFC1188, Rsdt: 8CFC10C4)
16:016  0:000    8CFC1188: 'XSDT', 'XMCC1701', Rev: 1, Len: 284 -> XSDT.aml
16:019  0:002    8CFC10C4: 'RSDT', 'XMCC1701', Rev: 1, Len: 160 -> RSDT.aml
16:021  0:002    Tables in Xsdt: 31
16:021  0:000    0. 8CFEE000: 'FACP', 'XMCC1701', Rev: 5, Len: 268 -> FACP.aml
16:023  0:002        (Dsdt: 8CFC7000, Facs: 8CF57000, XDsdt: 8CFC7000, XFacs: 0)
16:023  0:000        8CFC7000: 'DSDT', 'XMCC1701', Rev: 2, Len: 146127 -> DSDT.aml
16:026  0:002        8CF57000: 'FACS', Ver: 2, Len: 64 -> FACS.aml
16:028  0:002    1. 8CFFC000: 'UEFI', 'XMCC1701', Rev: 1, Len: 566 -> UEFI.aml
16:030  0:002    2. 8CFFB000: 'UEFI', 'XMCC1701', Rev: 1, Len: 66 -> UEFI.aml
16:034  0:003    3. 8CFFA000: 'MSDM', 'XMCC1701', Rev: 3, Len: 85 -> MSDM.aml
16:036  0:002    4. 8CFF9000: 'SSDT', 'XMCC1701', Rev: 2, Len: 1219 -> SSDT-0.aml
16:039  0:002    5. 8CFF8000: 'SSDT', 'XMCC1701', Rev: 2, Len: 70 -> SSDT-1.aml
16:041  0:002    6. 8CFF7000: 'TPM2', 'XMCC1701', Rev: 3, Len: 52 -> TPM2.aml
16:043  0:002    7. 8CFF3000: 'SSDT', 'XMCC1701', Rev: 2, Len: 12560 -> SSDT-2.aml
16:046  0:002    8. 8CFF2000: 'ASF!', 'XMCC1701', Rev: 32, Len: 165 -> ASF!.aml
16:048  0:002    9. 8CFF1000: 'ASPT', 'XMCC1701', Rev: 7, Len: 52 -> ASPT.aml
16:050  0:002    10. 8CFF0000: 'BOOT', 'XMCC1701', Rev: 1, Len: 40 -> BOOT.aml
16:053  0:002    11. 8CFEF000: 'DBGP', 'XMCC1701', Rev: 1, Len: 52 -> DBGP.aml
16:055  0:002    12. 8CFED000: 'HPET', 'XMCC1701', Rev: 1, Len: 56 -> HPET.aml
16:058  0:002    13. 8CFEC000: 'APIC', 'XMCC1701', Rev: 3, Len: 300 -> APIC.aml
16:060  0:002    14. 8CFEB000: 'MCFG', 'XMCC1701', Rev: 1, Len: 60 -> MCFG.aml
16:069  0:008    15. 8CFC6000: 'SSDT', 'XMCC1701', Rev: 2, Len: 1303 -> SSDT-3.aml
16:078  0:008    16. 8CFC5000: 'SSDT', 'XMCC1701', Rev: 2, Len: 1952 -> SSDT-4.aml
16:083  0:005    17. 8CFC4000: 'LPIT', 'XMCC1701', Rev: 1, Len: 148 -> LPIT.aml
16:086  0:002    18. 8CFC3000: 'WSMT', 'XMCC1701', Rev: 1, Len: 40 -> WSMT.aml
16:088  0:002    19. 8CFC2000: 'SSDT', 'XMCC1701', Rev: 2, Len: 671 -> SSDT-5.aml
16:091  0:002    20. 8CFC0000: 'SSDT', 'XMCC1701', Rev: 1, Len: 838 -> SSDT-6.aml
16:093  0:002    21. 8CFBC000: 'SSDT', 'XMCC1701', Rev: 2, Len: 12290 -> SSDT-7.aml
16:095  0:002    22. 8CFBB000: 'SSDT', 'XMCC1701', Rev: 2, Len: 1310 -> SSDT-8.aml
16:098  0:002    23. 8CFBA000: 'DBGP', 'XMCC1701', Rev: 1, Len: 52 -> DBGP.aml
16:101  0:003    24. 8CFB9000: 'DBG2', 'XMCC1701', Rev: 0, Len: 84 -> DBG2.aml
16:103  0:002    25. 8CFB8000: 'SSDT', 'XMCC1701', Rev: 2, Len: 2832 -> SSDT-9.aml
16:113  0:009    26. 8CFB6000: 'SSDT', 'XMCC1701', Rev: 2, Len: 6062 -> SSDT-10.aml
16:115  0:002    27. 8CFB2000: 'SSDT', 'XMCC1701', Rev: 1, Len: 14498 -> SSDT-11.aml
16:117  0:002    28. 8CFB1000: 'DMAR', 'XMCC1701', Rev: 1, Len: 240 -> DMAR.aml
16:120  0:002    29. 8CFB0000: 'FPDT', 'XMCC1701', Rev: 1, Len: 68 -> FPDT.aml
16:122  0:002    30. 8CFAF000: 'BGRT', 'XMCC1701', Rev: 1, Len: 56 -> BGRT.aml
16:124  0:002    Tables in Rsdt: 31
16:124  0:000    0. 8CFEE000: 'FACP', 'XMCC1701', Rev: 5, Len: 268
16:124  0:000        (Dsdt: 8CFC7000, Facs: 8CF57000, XDsdt: 8CFC7000, XFacs: 0)
16:124  0:000        8CFC7000: 'DSDT', 'XMCC1701', Rev: 2, Len: 146127
16:124  0:000        8CF57000: 'FACS', Ver: 2, Len: 64
16:124  0:000    1. 8CFFC000: 'UEFI', 'XMCC1701', Rev: 1, Len: 566
16:124  0:000    2. 8CFFB000: 'UEFI', 'XMCC1701', Rev: 1, Len: 66
16:124  0:000    3. 8CFFA000: 'MSDM', 'XMCC1701', Rev: 3, Len: 85
16:124  0:000    4. 8CFF9000: 'SSDT', 'XMCC1701', Rev: 2, Len: 1219
16:124  0:000    5. 8CFF8000: 'SSDT', 'XMCC1701', Rev: 2, Len: 70
16:124  0:000    6. 8CFF7000: 'TPM2', 'XMCC1701', Rev: 3, Len: 52
16:124  0:000    7. 8CFF3000: 'SSDT', 'XMCC1701', Rev: 2, Len: 12560
16:124  0:000    8. 8CFF2000: 'ASF!', 'XMCC1701', Rev: 32, Len: 165
16:124  0:000    9. 8CFF1000: 'ASPT', 'XMCC1701', Rev: 7, Len: 52
16:124  0:000    10. 8CFF0000: 'BOOT', 'XMCC1701', Rev: 1, Len: 40
16:124  0:000    11. 8CFEF000: 'DBGP', 'XMCC1701', Rev: 1, Len: 52
16:124  0:000    12. 8CFED000: 'HPET', 'XMCC1701', Rev: 1, Len: 56
16:124  0:000    13. 8CFEC000: 'APIC', 'XMCC1701', Rev: 3, Len: 300
16:124  0:000    14. 8CFEB000: 'MCFG', 'XMCC1701', Rev: 1, Len: 60
16:124  0:000    15. 8CFC6000: 'SSDT', 'XMCC1701', Rev: 2, Len: 1303
16:124  0:000    16. 8CFC5000: 'SSDT', 'XMCC1701', Rev: 2, Len: 1952
16:124  0:000    17. 8CFC4000: 'LPIT', 'XMCC1701', Rev: 1, Len: 148
16:124  0:000    18. 8CFC3000: 'WSMT', 'XMCC1701', Rev: 1, Len: 40
16:124  0:000    19. 8CFC2000: 'SSDT', 'XMCC1701', Rev: 2, Len: 671
16:124  0:000    20. 8CFC0000: 'SSDT', 'XMCC1701', Rev: 1, Len: 838
16:124  0:000    21. 8CFBC000: 'SSDT', 'XMCC1701', Rev: 2, Len: 12290
16:124  0:000    22. 8CFBB000: 'SSDT', 'XMCC1701', Rev: 2, Len: 1310
16:124  0:000    23. 8CFBA000: 'DBGP', 'XMCC1701', Rev: 1, Len: 52
16:124  0:000    24. 8CFB9000: 'DBG2', 'XMCC1701', Rev: 0, Len: 84
16:124  0:000    25. 8CFB8000: 'SSDT', 'XMCC1701', Rev: 2, Len: 2832
16:124  0:000    26. 8CFB6000: 'SSDT', 'XMCC1701', Rev: 2, Len: 6062
16:124  0:000    27. 8CFB2000: 'SSDT', 'XMCC1701', Rev: 1, Len: 14498
16:124  0:000    28. 8CFB1000: 'DMAR', 'XMCC1701', Rev: 1, Len: 240
16:124  0:000    29. 8CFB0000: 'FPDT', 'XMCC1701', Rev: 1, Len: 68
16:124  0:000    30. 8CFAF000: 'BGRT', 'XMCC1701', Rev: 1, Len: 56
22:488  6:363  BootVariable of the entry is empty
22:488  0:000  === [ StartLoader ] =======================================
22:488  0:000  Finally: ExternalClock=24MHz BusSpeed=99839kHz CPUFreq=1797MHz PIS: hw.busfrequency=96000000Hz
22:488  0:000  Loading boot.efi  status=Success
22:580  0:091  GetOSVersion: 10.13.2 (17C205)
22:580  0:000  CSR_CFG: CSR_ALLOW_UNTRUSTED_KEXTS | CSR_ALLOW_UNRESTRICTED_FS | CSR_ALLOW_TASK_FOR_PID | CSR_ALLOW_UNRESTRICTED_DTRACE | CSR_ALLOW_UNRESTRICTED_NVRAM
22:580  0:000  Filtering KextPatches:
22:580  0:000   - [00]: com.apple.driver.AppleIntelSKLGraphicsFramebuffer (0x19160000/etc, 19MB framebuffer 9MB (WORKING)) :: BinPatch :: [OS: 10.13.2 | MatchOS: All | MatchBuild: All] ==> disabled by user
22:580  0:000   - [01]: com.apple.driver.AppleIntelKBLGraphicsFramebuffer (0x591b0000, 32MB BIOS, 19MB framebuffer 9MB cursor bytes (credit RehabMan)) :: BinPatch :: [OS: 10.13.2 | MatchOS: All | MatchBuild: All] ==> allowed
22:580  0:000   - [02]: com.apple.driver.AppleIntelKBLGraphicsFramebuffer (0x591b0000, 0105 instead of 0306, HDMI) :: BinPatch :: [OS: 10.13.2 | MatchOS: All | MatchBuild: All] ==> disabled by user
22:580  0:000  Filtering KernelPatches:
22:580  0:000   - [00]: MSR 0xE2 _xcpm_idle instant reboot(c) Pike R. Alpha :: [OS: 10.13.2 | MatchOS: All | MatchBuild: no] ==> allowed by OS
22:580  0:000  Will not patch boot.efi
22:580  0:000  EmuVariable InstallEmulation: orig vars copied, emu.var.services installed, CreateEvent VirtualAddressChange = Success, CreateEvent ExitBootServices = Success, set Status=Success
22:620  0:040  === [ PatchSmbios ] =======================================
22:620  0:000  insert table 9 for dev 0:0
22:621  0:001  Trusting SMBIOS...
22:621  0:000  Detected alternating SMBIOS channel banks
22:621  0:000  Channels: 2
22:621  0:000  Interleave: 0 2 1 3 4 6 5 7 8 10 9 11 12 14 13 15 16 18 17 19 20 22 21 23
22:621  0:000   partNum=M471A5244BB0-CRC    
22:621  0:000  SMBIOS Type 17 Index = 0 => 0 0:
22:621  0:000  BANK 0 DIMM0 2400MHz 4096MB
22:621  0:000   partNum=M471A5244BB0-CRC    
22:621  0:000  SMBIOS Type 17 Index = 1 => 1 2:
22:621  0:000  BANK 1 DIMM0 2400MHz 4096MB
22:621  0:000  mTotalSystemMemory = 8192
22:621  0:000  NumberOfMemoryDevices = 2
22:621  0:000  Type20[0]->End = 0x3FFFFF, Type17[0] = 0x1000
22:621  0:000  Type20[1]->End = 0x3FFFFF, Type17[1] = 0x3000
22:621  0:000  Table 131 is present, CPUType=31
22:621  0:000  Change to: 605
22:621  0:000  Table 133 is present, PlatformFeature=4D495401
22:621  0:000  Change to: 1A
22:621  0:000  === [ PatchACPI ] =========================================
22:622  0:000  Xsdt reallocation done
22:622  0:000  old FADT length=10C
22:622  0:000   SignatureFixup: 0xFBA9FD68 -> 0
22:622  0:000  Apply DsdtFixMask=0x29000004
22:622  0:000     drop _DSM mask=0xFFFF
22:622  0:000  === [ FixBiosDsdt ] =======================================
22:622  0:000  VideoCard devID=0x59178086
22:622  0:000  DisplayADR1[0] = 0x20000, DisplayADR2[0] = 0xFFFE
22:622  0:000  USBADR[0] = 0x140000 and PCIe = 0xFFFE
22:623  0:000  Audio HDA (addr:0x1F0003) setting specified layout-id=13 (0xD)
22:623  0:000  Patching DSDT:
22:623  0:000   - [change OSID to XSID (to avoid match against _OSI XOSI patch)]: disabled
22:623  0:000   - [change _OSI to XOSI]: disabled
22:623  0:000   - [change _DSM to XDSM]: pattern 5F44534D, patched at: [ (327E) (2121) (6B) (29) (727) (10D) (6) (D4B) (503) (11) (53) (22) (22) (33) (36) (112) (37C) (37C) (37C) (37C) (37C) (37C) (37C) (37C) (36C) (37C) (37C) (37C) (37C) (37C) (37C) (37C) (37C) (37C) (37C) (37C) (37C) (37C) (37C) (28E) (23D0) (D3) (D3) (D3) (D3) (D3) (BE) (BE) (CC) (104) (104) (25A) (EBF) (19D) (9E) (58) (1F65) (5E86) (693) (693) (693) (693) (693) (693) (693) (693) (693) (693) (693) (693) (693) (693) (693) (693) (693) (693) (2542) (1908) (2C7) ]
22:623  0:000   - [change EC0 to EC]: disabled
22:623  0:000   - [change H_EC to EC]: disabled
22:623  0:000   - [change ECDV to EC]: disabled
22:623  0:000   - [change HDAS to HDEF]: pattern 48444153, patched at: [ (27B) (12) (12) (4EAA) (1BCE) (84) (D) (2B) (32) (4F) (6F) (C3) (18CEC) (15B0) ]
22:624  0:000   - [change HECI to IMEI]: pattern 48454349, patched at: [ (10437) ]
22:624  0:000   - [change MEI to IMEI]: pattern 4D45495F, bin not found / already patched!
22:624  0:000   - [change GFX0 to IGPU]: pattern 47465830, patched at: [ (51) (E) (12) (12) (12) (70) (12) (27E) (31D) (12) (2B7B) (D7CB) (10) (43B) (3C) (1C) (261) (41) (F) (27F) (41) (F) (11E8) (1E08) (27) (1BEA) (1B23) (14) (7E6C) (1738) ]
22:625  0:000   - [change _OSI to XOSI]: pattern 5F4F5349, patched at: [ (13436) (3) (11) (18) (1C) (1C) (1A) (18) (18) (18) (18) (2983) ]
22:625  0:000  first CPU found at 15AFF offset 15B02
22:625  0:000  score candidate at 15AFB
22:625  0:000  score inserted in acpi_cpu_score _PR_
22:625  0:000  Found ACPI CPU: PR00 | PR01 | PR02 | PR03 | PR04 | PR05 | PR06 | PR07 | PR08 | PR09 | PR10 | PR11 | PR12 | PR13 | PR14 | PR15 , within the score: _PR_
22:626  0:001  Found PCIROOTUID = 0
22:626  0:000  Start PNLF Fix
22:627  0:000  found PWRB at 10A06
22:627  0:000  Start SHUTDOWN Fix len=23AFE
22:627  0:000  PreCleanup XSDT: count=31, length=284
22:627  0:000  PreCleanup XSDT, corrected XSDT: count=31, length=284
22:627  0:000  === [ ACPIPatchedAML ] ====================================
22:627  0:000  AutoMerge pass 1
22:627  0:000  Unsorted
22:627  0:000  Inserting SSDT-Disable_DGPU.aml from EFI\CLOVER\ACPI\patched: ignore on pass 1
22:627  0:000  Inserting SSDT-XHC.aml from EFI\CLOVER\ACPI\patched: ignore on pass 1
22:627  0:000  Inserting SSDT-PNLF.aml from EFI\CLOVER\ACPI\patched: ignore on pass 1
22:627  0:000  Inserting SSDT-SATA.aml from EFI\CLOVER\ACPI\patched: ignore on pass 1
22:627  0:000  Inserting SSDT-MiPro_USB.aml from EFI\CLOVER\ACPI\patched: ignore on pass 1
22:627  0:000  Inserting SSDT-PRW.aml from EFI\CLOVER\ACPI\patched: ignore on pass 1
22:627  0:000  Inserting SSDT-Config.aml from EFI\CLOVER\ACPI\patched: ignore on pass 1
22:627  0:000  Inserting SSDT-PluginType1.aml from EFI\CLOVER\ACPI\patched: ignore on pass 1
22:627  0:000  Inserting SSDT-VirutalNetCard.aml from EFI\CLOVER\ACPI\patched: ignore on pass 1
22:627  0:000  Inserting SSDT-IGPU.aml from EFI\CLOVER\ACPI\patched: ignore on pass 1
22:627  0:000  Inserting SSDT-PCIList.aml from EFI\CLOVER\ACPI\patched: ignore on pass 1
22:627  0:000  Inserting SSDT-XOSI.aml from EFI\CLOVER\ACPI\patched: ignore on pass 1
22:627  0:000  Inserting SSDT-PTSWAK.aml from EFI\CLOVER\ACPI\patched: ignore on pass 1
22:627  0:000  === [ ACPIDropTables ] ====================================
22:627  0:000  Drop tables from XSDT, SIGN=DMAR TableID=XMCC1701 Length=240
22:627  0:000   Table[28]: DMAR  XMCC1701  240 dropped
22:627  0:000  === [ PatchAllSSDT ] ======================================
22:627  0:000  Patch table: SSDT  XMCC1701 len=0x4C3
22:627  0:000  0. [change OSID to XSID (to avoid match against _OSI XOSI patch)]: disabled
22:627  0:000  1. [change _OSI to XOSI]: disabled
22:627  0:000  2. [change _DSM to XDSM]: pattern 5F44534D, patched at: [ (425) ]
22:627  0:000  3. [change EC0 to EC]: disabled
22:627  0:000  4. [change H_EC to EC]: disabled
22:628  0:000  5. [change ECDV to EC]: disabled
22:628  0:000  6. [change HDAS to HDEF]: pattern 48444153, bin not found / already patched!
22:628  0:000  7. [change HECI to IMEI]: pattern 48454349, bin not found / already patched!
22:628  0:000  8. [change MEI to IMEI]: pattern 4D45495F, bin not found / already patched!
22:628  0:000  9. [change GFX0 to IGPU]: pattern 47465830, bin not found / already patched!
22:628  0:000  10. [change _OSI to XOSI]: pattern 5F4F5349, bin not found / already patched!
22:628  0:000  Patch table: SSDT  XMCC1701 len=0x46
22:628  0:000  0. [change OSID to XSID (to avoid match against _OSI XOSI patch)]: disabled
22:628  0:000  1. [change _OSI to XOSI]: disabled
22:628  0:000  2. [change _DSM to XDSM]: pattern 5F44534D, bin not found / already patched!
22:628  0:000  3. [change EC0 to EC]: disabled
22:628  0:000  4. [change H_EC to EC]: disabled
22:628  0:000  5. [change ECDV to EC]: disabled
22:628  0:000  6. [change HDAS to HDEF]: pattern 48444153, bin not found / already patched!
22:628  0:000  7. [change HECI to IMEI]: pattern 48454349, bin not found / already patched!
22:628  0:000  8. [change MEI to IMEI]: pattern 4D45495F, bin not found / already patched!
22:628  0:000  9. [change GFX0 to IGPU]: pattern 47465830, bin not found / already patched!
22:628  0:000  10. [change _OSI to XOSI]: pattern 5F4F5349, bin not found / already patched!
22:628  0:000  Patch table: SSDT  XMCC1701 len=0x3110
22:628  0:000  0. [change OSID to XSID (to avoid match against _OSI XOSI patch)]: disabled
22:628  0:000  1. [change _OSI to XOSI]: disabled
22:628  0:000  2. [change _DSM to XDSM]: pattern 5F44534D, patched at: [ (2BFE) ]
22:628  0:000  3. [change EC0 to EC]: disabled
22:628  0:000  4. [change H_EC to EC]: disabled
22:628  0:000  5. [change ECDV to EC]: disabled
22:628  0:000  6. [change HDAS to HDEF]: pattern 48444153, bin not found / already patched!
22:628  0:000  7. [change HECI to IMEI]: pattern 48454349, bin not found / already patched!
22:628  0:000  8. [change MEI to IMEI]: pattern 4D45495F, bin not found / already patched!
22:628  0:000  9. [change GFX0 to IGPU]: pattern 47465830, patched at: [ (2D) (E) (46) (269) (1C8A) (A3A) (1D) (6EC) ]
22:628  0:000  10. [change _OSI to XOSI]: pattern 5F4F5349, bin not found / already patched!
22:628  0:000  Patch table: SSDT  XMCC1701 len=0x517
22:628  0:000  0. [change OSID to XSID (to avoid match against _OSI XOSI patch)]: disabled
22:628  0:000  1. [change _OSI to XOSI]: disabled
22:628  0:000  2. [change _DSM to XDSM]: pattern 5F44534D, bin not found / already patched!
22:628  0:000  3. [change EC0 to EC]: disabled
22:628  0:000  4. [change H_EC to EC]: disabled
22:628  0:000  5. [change ECDV to EC]: disabled
22:628  0:000  6. [change HDAS to HDEF]: pattern 48444153, bin not found / already patched!
22:628  0:000  7. [change HECI to IMEI]: pattern 48454349, bin not found / already patched!
22:628  0:000  8. [change MEI to IMEI]: pattern 4D45495F, bin not found / already patched!
22:628  0:000  9. [change GFX0 to IGPU]: pattern 47465830, bin not found / already patched!
22:628  0:000  10. [change _OSI to XOSI]: pattern 5F4F5349, bin not found / already patched!
22:628  0:000  Patch table: SSDT  XMCC1701 len=0x7A0
22:628  0:000  0. [change OSID to XSID (to avoid match against _OSI XOSI patch)]: disabled
22:628  0:000  1. [change _OSI to XOSI]: disabled
22:628  0:000  2. [change _DSM to XDSM]: pattern 5F44534D, bin not found / already patched!
22:628  0:000  3. [change EC0 to EC]: disabled
22:628  0:000  4. [change H_EC to EC]: disabled
22:628  0:000  5. [change ECDV to EC]: disabled
22:628  0:000  6. [change HDAS to HDEF]: pattern 48444153, bin not found / already patched!
22:628  0:000  7. [change HECI to IMEI]: pattern 48454349, bin not found / already patched!
22:628  0:000  8. [change MEI to IMEI]: pattern 4D45495F, bin not found / already patched!
22:628  0:000  9. [change GFX0 to IGPU]: pattern 47465830, bin not found / already patched!
22:628  0:000  10. [change _OSI to XOSI]: pattern 5F4F5349, bin not found / already patched!
22:628  0:000  Patch table: SSDT  XMCC1701 len=0x29F
22:628  0:000  0. [change OSID to XSID (to avoid match against _OSI XOSI patch)]: disabled
22:628  0:000  1. [change _OSI to XOSI]: disabled
22:628  0:000  2. [change _DSM to XDSM]: pattern 5F44534D, patched at: [ (A5) ]
22:628  0:000  3. [change EC0 to EC]: disabled
22:628  0:000  4. [change H_EC to EC]: disabled
22:628  0:000  5. [change ECDV to EC]: disabled
22:628  0:000  6. [change HDAS to HDEF]: pattern 48444153, bin not found / already patched!
22:628  0:000  7. [change HECI to IMEI]: pattern 48454349, bin not found / already patched!
22:628  0:000  8. [change MEI to IMEI]: pattern 4D45495F, bin not found / already patched!
22:628  0:000  9. [change GFX0 to IGPU]: pattern 47465830, bin not found / already patched!
22:628  0:000  10. [change _OSI to XOSI]: pattern 5F4F5349, bin not found / already patched!
22:628  0:000  Patch table: SSDT  XMCC1701 len=0x346
22:628  0:000  0. [change OSID to XSID (to avoid match against _OSI XOSI patch)]: disabled
22:628  0:000  1. [change _OSI to XOSI]: disabled
22:628  0:000  2. [change _DSM to XDSM]: pattern 5F44534D, patched at: [ (D3) ]
22:628  0:000  3. [change EC0 to EC]: disabled
22:628  0:000  4. [change H_EC to EC]: disabled
22:628  0:000  5. [change ECDV to EC]: disabled
22:628  0:000  6. [change HDAS to HDEF]: pattern 48444153, bin not found / already patched!
22:628  0:000  7. [change HECI to IMEI]: pattern 48454349, bin not found / already patched!
22:628  0:000  8. [change MEI to IMEI]: pattern 4D45495F, bin not found / already patched!
22:628  0:000  9. [change GFX0 to IGPU]: pattern 47465830, bin not found / already patched!
22:628  0:000  10. [change _OSI to XOSI]: pattern 5F4F5349, bin not found / already patched!
22:628  0:000  Patch table: SSDT  XMCC1701 len=0x3002
22:628  0:000  0. [change OSID to XSID (to avoid match against _OSI XOSI patch)]: disabled
22:628  0:000  1. [change _OSI to XOSI]: disabled
22:628  0:000  2. [change _DSM to XDSM]: pattern 5F44534D, bin not found / already patched!
22:628  0:000  3. [change EC0 to EC]: disabled
22:628  0:000  4. [change H_EC to EC]: disabled
22:628  0:000  5. [change ECDV to EC]: disabled
22:628  0:000  6. [change HDAS to HDEF]: pattern 48444153, bin not found / already patched!
22:628  0:000  7. [change HECI to IMEI]: pattern 48454349, bin not found / already patched!
22:628  0:000  8. [change MEI to IMEI]: pattern 4D45495F, bin not found / already patched!
22:628  0:000  9. [change GFX0 to IGPU]: pattern 47465830, bin not found / already patched!
22:628  0:000  10. [change _OSI to XOSI]: pattern 5F4F5349, bin not found / already patched!
22:628  0:000  Patch table: SSDT  XMCC1701 len=0x51E
22:628  0:000  0. [change OSID to XSID (to avoid match against _OSI XOSI patch)]: disabled
22:628  0:000  1. [change _OSI to XOSI]: disabled
22:628  0:000  2. [change _DSM to XDSM]: pattern 5F44534D, patched at: [ (B6) (1F8) ]
22:628  0:000  3. [change EC0 to EC]: disabled
22:628  0:000  4. [change H_EC to EC]: disabled
22:628  0:000  5. [change ECDV to EC]: disabled
22:628  0:000  6. [change HDAS to HDEF]: pattern 48444153, bin not found / already patched!
22:628  0:000  7. [change HECI to IMEI]: pattern 48454349, bin not found / already patched!
22:628  0:000  8. [change MEI to IMEI]: pattern 4D45495F, bin not found / already patched!
22:628  0:000  9. [change GFX0 to IGPU]: pattern 47465830, bin not found / already patched!
22:628  0:000  10. [change _OSI to XOSI]: pattern 5F4F5349, bin not found / already patched!
22:628  0:000  Patch table: SSDT  XMCC1701 len=0xB10
22:628  0:000  0. [change OSID to XSID (to avoid match against _OSI XOSI patch)]: disabled
22:628  0:000  1. [change _OSI to XOSI]: disabled
22:628  0:000  2. [change _DSM to XDSM]: pattern 5F44534D, patched at: [ (663) ]
22:628  0:000  3. [change EC0 to EC]: disabled
22:628  0:000  4. [change H_EC to EC]: disabled
22:628  0:000  5. [change ECDV to EC]: disabled
22:628  0:000  6. [change HDAS to HDEF]: pattern 48444153, bin not found / already patched!
22:628  0:000  7. [change HECI to IMEI]: pattern 48454349, bin not found / already patched!
22:628  0:000  8. [change MEI to IMEI]: pattern 4D45495F, bin not found / already patched!
22:628  0:000  9. [change GFX0 to IGPU]: pattern 47465830, bin not found / already patched!
22:628  0:000  10. [change _OSI to XOSI]: pattern 5F4F5349, bin not found / already patched!
22:628  0:000  Patch table: SSDT  XMCC1701 len=0x17AE
22:628  0:000  0. [change OSID to XSID (to avoid match against _OSI XOSI patch)]: disabled
22:628  0:000  1. [change _OSI to XOSI]: disabled
22:628  0:000  2. [change _DSM to XDSM]: pattern 5F44534D, bin not found / already patched!
22:628  0:000  3. [change EC0 to EC]: disabled
22:628  0:000  4. [change H_EC to EC]: disabled
22:628  0:000  5. [change ECDV to EC]: disabled
22:628  0:000  6. [change HDAS to HDEF]: pattern 48444153, bin not found / already patched!
22:628  0:000  7. [change HECI to IMEI]: pattern 48454349, bin not found / already patched!
22:629  0:000  8. [change MEI to IMEI]: pattern 4D45495F, bin not found / already patched!
22:629  0:000  9. [change GFX0 to IGPU]: pattern 47465830, bin not found / already patched!
22:629  0:000  10. [change _OSI to XOSI]: pattern 5F4F5349, bin not found / already patched!
22:629  0:000  Patch table: SSDT  XMCC1701 len=0x38A2
22:629  0:000  0. [change OSID to XSID (to avoid match against _OSI XOSI patch)]: disabled
22:629  0:000  1. [change _OSI to XOSI]: disabled
22:629  0:000  2. [change _DSM to XDSM]: pattern 5F44534D, patched at: [ (36D3) ]
22:629  0:000  3. [change EC0 to EC]: disabled
22:629  0:000  4. [change H_EC to EC]: disabled
22:629  0:000  5. [change ECDV to EC]: disabled
22:629  0:000  6. [change HDAS to HDEF]: pattern 48444153, bin not found / already patched!
22:629  0:000  7. [change HECI to IMEI]: pattern 48454349, bin not found / already patched!
22:629  0:000  8. [change MEI to IMEI]: pattern 4D45495F, bin not found / already patched!
22:629  0:000  9. [change GFX0 to IGPU]: pattern 47465830, patched at: [ (55) (28) (12) (12) (12) (12) (12) (12) (12) (12) (12) (12) (12) (12) (12) (12) (12) (12) (430) (50) (908) (5A2) (BD1) (13) (28) (27) (13) (28) (27) (13) (28) (27) (13) (28) (27) (13) (28) (27) (13) (28) (27) (13) (28) (27) (13) (28) (27) (13) (28) (27) (13) (28) (27) (13) (28) (27) (13) (28) (27) (13) (28) (27) (13) (28) (27) (13) (28) (27) (13) (28) (FC7) ]
22:629  0:000  10. [change _OSI to XOSI]: pattern 5F4F5349, bin not found / already patched!
22:629  0:000  === [ ACPIPatchedAML ] ====================================
22:629  0:000  AutoMerge pass 2
22:629  0:000  Unsorted
22:629  0:000  Inserting SSDT-Disable_DGPU.aml from EFI\CLOVER\ACPI\patched: size=146 ... Success
22:629  0:000  Inserting SSDT-XHC.aml from EFI\CLOVER\ACPI\patched: size=503 ... Success
22:629  0:000  Inserting SSDT-PNLF.aml from EFI\CLOVER\ACPI\patched: size=783 ... Success
22:629  0:000  Inserting SSDT-SATA.aml from EFI\CLOVER\ACPI\patched: size=292 ... Success
22:629  0:000  Inserting SSDT-MiPro_USB.aml from EFI\CLOVER\ACPI\patched: size=504 ... Success
22:630  0:000  Inserting SSDT-PRW.aml from EFI\CLOVER\ACPI\patched: size=76 ... Success
22:630  0:000  Inserting SSDT-Config.aml from EFI\CLOVER\ACPI\patched: size=775 ... Success
22:630  0:000  Inserting SSDT-PluginType1.aml from EFI\CLOVER\ACPI\patched: size=97 ... Success
22:630  0:000  Inserting SSDT-VirutalNetCard.aml from EFI\CLOVER\ACPI\patched: size=212 ... Success
22:630  0:000  Inserting SSDT-IGPU.aml from EFI\CLOVER\ACPI\patched: size=4246 ... Success
22:631  0:000  Inserting SSDT-PCIList.aml from EFI\CLOVER\ACPI\patched: size=1476 ... Success
22:631  0:000  Inserting SSDT-XOSI.aml from EFI\CLOVER\ACPI\patched: size=190 ... Success
22:631  0:000  Inserting SSDT-PTSWAK.aml from EFI\CLOVER\ACPI\patched: size=481 ... Success
22:631  0:000  CPUBase=0 and ApicCPUBase=1 ApicCPUNum=16
22:631  0:000  Maximum control=0x12
22:631  0:000  Turbo control=0x22
22:631  0:000  P-States: min 0x4, max 0x22
22:631  0:000  SSDT with plugin-type without P-States is generated
22:631  0:000  Cleanup XSDT: count=45, length=396
22:631  0:000  corrected XSDT count=44, length=388
22:631  0:000  === [ RestSetup macOS ] ===================================
22:631  0:000  EdidDiscovered size=128
22:631  0:000  ---Discovered EDID Table size:128
22:631  0:000  000  |  00  FF  FF  FF  FF  FF  FF  00  09  E5
22:631  0:000  010  |  47  07  00  00  00  00  12  1B  01  04
22:631  0:000  020  |  A5  22  13  78  02  1B  BB  A6  58  55
22:631  0:000  030  |  9D  26  0E  4F  55  00  00  00  01  01
22:631  0:000  040  |  01  01  01  01  01  01  01  01  01  01
22:631  0:000  050  |  01  01  01  01  9C  3B  80  36  71  38
22:631  0:000  060  |  3C  40  30  20  36  00  58  C2  10  00
22:631  0:000  070  |  00  1A  FD  2D  80  0E  71  38  28  40
22:631  0:000  080  |  30  20  36  00  58  C2  10  00  00  1A
22:631  0:000  090  |  00  00  00  FE  00  42  4F  45  20  43
22:631  0:000  100  |  51  0A  20  20  20  20  20  20  00  00
22:631  0:000  110  |  00  FE  00  4E  56  31  35  36  46  48
22:631  0:000  120  |  4D  2D  4E  36  31  0A  00  30
22:631  0:000  --- Patched EDID size:128
22:631  0:000  000  |  00  FF  FF  FF  FF  FF  FF  00  09  E5
22:631  0:000  010  |  47  07  00  00  00  00  12  1B  01  04
22:631  0:000  020  |  A5  22  13  78  02  1B  BB  A6  58  55
22:631  0:000  030  |  9D  26  0E  4F  55  00  00  00  01  01
22:631  0:000  040  |  01  01  01  01  01  01  01  01  01  01
22:631  0:000  050  |  01  01  01  01  9C  3B  80  36  71  38
22:631  0:000  060  |  3C  40  30  20  36  00  58  C2  10  00
22:631  0:000  070  |  00  1A  FD  2D  80  0E  71  38  28  40
22:631  0:000  080  |  30  20  36  00  58  C2  10  00  00  1A
22:631  0:000  090  |  00  00  00  FE  00  42  4F  45  20  43
22:631  0:000  100  |  51  0A  20  20  20  20  20  20  00  00
22:631  0:000  110  |  00  FE  00  4E  56  31  35  36  46  48
22:631  0:000  120  |  4D  2D  4E  36  31  0A  00  30
22:631  0:000  Intel UHD Graphics 620 [8086:5917] :: PciRoot(0x0)\Pci(0x2,0x0)
22:631  0:000    Found Full HD Display - 16:9 :: Width=1920 Height=1080
22:631  0:000    IntelHDMI: used
22:631  0:000    Beginning DualLink auto-detection
22:631  0:000    High Resolution Display
22:631  0:000    AAPL00,DualLink = 1
22:631  0:000    FakeID Intel GFX = 0x59168086
22:631  0:000    ig-platform-id = 0x591B0000
22:631  0:000  Intel GFX revision  = 0x7
22:632  0:000   RCBA disabled; cannot use it
22:632  0:000   setting specified layout-id=13 (0xD)
22:632  0:000  stringlength = 2924
22:632  0:000  CurrentMode: Width=1920 Height=1080
22:632  0:000  Beginning FSInjection
FSInjectionInstall ...
- Our FSI_SIMPLE_FILE_SYSTEM_PROTOCOL installed on handle: 79AE79D8
FSInjectionInstall ...
- Our FSI_SIMPLE_FILE_SYSTEM_PROTOCOL installed on handle: 79AE79D8
22:633  0:000  Use origin smbios table type 1 guid.
22:633  0:000    Force kext: System\Library\Extensions\IONetworkingFamily.kext
22:638  0:005      Force PlugIn kext: System\Library\Extensions\IONetworkingFamily.kext\Contents\PlugIns\nvenet.kext
22:642  0:003      Force PlugIn kext: System\Library\Extensions\IONetworkingFamily.kext\Contents\PlugIns\AppleEthernetAquantiaAqtion.kext
22:645  0:003      Force PlugIn kext: System\Library\Extensions\IONetworkingFamily.kext\Contents\PlugIns\AppleBCM5701Ethernet.kext
22:650  0:004      Force PlugIn kext: System\Library\Extensions\IONetworkingFamily.kext\Contents\PlugIns\AppleIntelI210Ethernet.kext
22:654  0:003      Force PlugIn kext: System\Library\Extensions\IONetworkingFamily.kext\Contents\PlugIns\Intel82574L.kext
22:658  0:003      Force PlugIn kext: System\Library\Extensions\IONetworkingFamily.kext\Contents\PlugIns\IOEthernetAVBController.kext
22:660  0:002      Force PlugIn kext: System\Library\Extensions\IONetworkingFamily.kext\Contents\PlugIns\AppleYukon2.kext
22:672  0:011      Force PlugIn kext: System\Library\Extensions\IONetworkingFamily.kext\Contents\PlugIns\AppleIntel8254XEthernet.kext
22:675  0:003      Force PlugIn kext: System\Library\Extensions\IONetworkingFamily.kext\Contents\PlugIns\AppleVmxnet3Ethernet.kext
22:678  0:003      Force PlugIn kext: System\Library\Extensions\IONetworkingFamily.kext\Contents\PlugIns\mDNSOffloadUserClient.kext
22:681  0:002  Preparing kexts injection for arch=x86_64 from EFI\CLOVER\kexts\Other
22:681  0:000  Extra kext: EFI\CLOVER\kexts\Other\USBInjectAll.kext
22:799  0:118  Extra kext: EFI\CLOVER\kexts\Other\CoreDisplayFixup.kext
22:802  0:003  Extra kext: EFI\CLOVER\kexts\Other\IntelGraphicsDVMTFixup.kext
22:806  0:003  Extra kext: EFI\CLOVER\kexts\Other\FakeSMC.kext
22:811  0:005  Extra kext: EFI\CLOVER\kexts\Other\IntelGraphicsFixup.kext
22:814  0:003  Extra kext: EFI\CLOVER\kexts\Other\FakePCIID.kext
22:817  0:003  Extra kext: EFI\CLOVER\kexts\Other\ApplePS2SmartTouchPad.kext
22:831  0:013    |-- PlugIn kext: EFI\CLOVER\kexts\Other\ApplePS2SmartTouchPad.kext\Contents\PlugIns\ApplePS2Controller.kext
22:834  0:003    |-- PlugIn kext: EFI\CLOVER\kexts\Other\ApplePS2SmartTouchPad.kext\Contents\PlugIns\ApplePS2Keyboard.kext
22:839  0:004  Extra kext: EFI\CLOVER\kexts\Other\VoodooPS2Controller.kext
22:844  0:005    |-- PlugIn kext: EFI\CLOVER\kexts\Other\VoodooPS2Controller.kext\Contents\PlugIns\VoodooPS2Mouse.kext
22:849  0:004    |-- PlugIn kext: EFI\CLOVER\kexts\Other\VoodooPS2Controller.kext\Contents\PlugIns\VoodooPS2Keyboard.kext
22:862  0:012    |-- PlugIn kext: EFI\CLOVER\kexts\Other\VoodooPS2Controller.kext\Contents\PlugIns\VoodooPS2Trackpad.kext
22:872  0:009  Extra kext: EFI\CLOVER\kexts\Other\AppleALC.kext
22:877  0:005    |-- PlugIn kext: EFI\CLOVER\kexts\Other\AppleALC.kext\Contents\PlugIns\PinConfigs.kext
22:976  0:099  Extra kext: EFI\CLOVER\kexts\Other\Lilu.kext
22:980  0:003  Extra kext: EFI\CLOVER\kexts\Other\ACPIBatteryManager.kext
22:984  0:004  Extra kext: EFI\CLOVER\kexts\Other\FakePCIID_Intel_HD_Graphics.kext
22:994  0:009  Custom boot screen not used because entry has unset use graphics
22:994  0:000  Closing log
